100227 11:00:05 mysqld_safe Starting mysqld daemon with databases from /Applications/XAMPP/xamppfiles/var/mysql
100227 11:00:05 [Warning] Setting lower_case_table_names=2 because file system for /Applications/XAMPP/xamppfiles/var/mysql/ is case insensitive
100227 11:00:05 [Note] Plugin 'FEDERATED' is disabled.
InnoDB: The first specified data file ./ibdata1 did not exist:
InnoDB: a new database to be created!
100227 11:00:06  InnoDB: Setting file ./ibdata1 size to 10 MB
InnoDB: Database physically writes the file full: wait...
100227 11:00:06  InnoDB: Log file ./ib_logfile0 did not exist: new to be created
InnoDB: Setting log file ./ib_logfile0 size to 5 MB
InnoDB: Database physically writes the file full: wait...
100227 11:00:07  InnoDB: Log file ./ib_logfile1 did not exist: new to be created
InnoDB: Setting log file ./ib_logfile1 size to 5 MB
InnoDB: Database physically writes the file full: wait...
InnoDB: Doublewrite buffer not found: creating new
InnoDB: Doublewrite buffer created
InnoDB: Creating foreign key constraint system tables
InnoDB: Foreign key constraint system tables created
100227 11:00:07  InnoDB: Started; log sequence number 0 0
100227 11:00:07 [Note] Event Scheduler: Loaded 0 events
100227 11:00:07 [Note] /Applications/XAMPP/xamppfiles/sbin/mysqld: ready for connections.
Version: '5.1.44'  socket: '/Applications/XAMPP/xamppfiles/var/mysql/mysql.sock'  port: 3306  Source distribution
100227 11:00:10 [Note] /Applications/XAMPP/xamppfiles/sbin/mysqld: Normal shutdown

100227 11:00:10 [Note] Event Scheduler: Purging the queue. 0 events
100227 11:00:12  InnoDB: Starting shutdown...
100227 11:00:12  InnoDB: Shutdown completed; log sequence number 0 44233
100227 11:00:12 [Note] /Applications/XAMPP/xamppfiles/sbin/mysqld: Shutdown complete

100227 11:00:12 mysqld_safe mysqld from pid file /Applications/XAMPP/xamppfiles/var/mysql/devmac.pid ended
